<?xml version="1.0" encoding="UTF-8"?>
<!-- Generated by org.testng.reporters.JUnitReportReporter -->
<testsuite skipped="0" hostname="DESKTOP-EEV72M3" name="practice.test.SmokeTest" tests="2" failures="0" timestamp="16 Dec 2019 18:41:30 GMT" time="22.933" errors="0">
  <testcase name="signin" time="10.202" classname="practice.test.SmokeTest"/>
  <testcase name="signin" time="12.731" classname="practice.test.SmokeTest"/>
</testsuite> <!-- practice.test.SmokeTest -->
