<?xml version="1.0" encoding="UTF-8"?>
<!-- Generated by org.testng.reporters.JUnitReportReporter -->
<testsuite skipped="1" hostname="DESKTOP-EEV72M3" name="practice.test.IntegrationTest" tests="1" failures="0" timestamp="29 Oct 2019 20:58:01 GMT" time="0.000" errors="0">
  <testcase name="signin" time="0.000" classname="practice.test.IntegrationTest">
    <skipped/>
  </testcase> <!-- signin -->
</testsuite> <!-- practice.test.IntegrationTest -->
