<?xml version="1.0" encoding="UTF-8"?>
<!-- Generated by org.testng.reporters.JUnitReportReporter -->
<testsuite skipped="4" hostname="DESKTOP-EEV72M3" name="practice.test.SmokeTest" tests="4" failures="0" timestamp="13 Feb 2020 20:19:06 GMT" time="0.000" errors="0">
  <testcase name="catagory" time="0.000" classname="practice.test.SmokeTest">
    <skipped/>
  </testcase> <!-- catagory -->
  <testcase name="signin" time="0.000" classname="practice.test.SmokeTest">
    <skipped/>
  </testcase> <!-- signin -->
  <testcase name="signin" time="0.000" classname="practice.test.SmokeTest">
    <skipped/>
  </testcase> <!-- signin -->
  <testcase name="search" time="0.000" classname="practice.test.SmokeTest">
    <skipped/>
  </testcase> <!-- search -->
</testsuite> <!-- practice.test.SmokeTest -->
